import static com.kms.katalon.core.checkpoint.CheckpointFactory.findCheckpoint
import static com.kms.katalon.core.testcase.TestCaseFactory.findTestCase
import static com.kms.katalon.core.testdata.TestDataFactory.findTestData
import static com.kms.katalon.core.testobject.ObjectRepository.findTestObject
import static com.kms.katalon.core.testobject.ObjectRepository.findWindowsObject
import com.kms.katalon.core.checkpoint.Checkpoint as Checkpoint
import com.kms.katalon.core.cucumber.keyword.CucumberBuiltinKeywords as CucumberKW
import com.kms.katalon.core.mobile.keyword.MobileBuiltInKeywords as Mobile
import com.kms.katalon.core.model.FailureHandling as FailureHandling
import com.kms.katalon.core.testcase.TestCase as TestCase
import com.kms.katalon.core.testdata.TestData as TestData
import com.kms.katalon.core.testng.keyword.TestNGBuiltinKeywords as TestNGKW
import com.kms.katalon.core.testobject.TestObject as TestObject
import com.kms.katalon.core.webservice.keyword.WSBuiltInKeywords as WS
import com.kms.katalon.core.webui.keyword.WebUiBuiltInKeywords as WebUI
import com.kms.katalon.core.windows.keyword.WindowsBuiltinKeywords as Windows
import internal.GlobalVariable as GlobalVariable
import org.openqa.selenium.Keys as Keys

WebUI.callTestCase(findTestCase('com.login.page/Login_Into_NJT_LoginPage'), [:], FailureHandling.STOP_ON_FAILURE)

WebUI.callTestCase(findTestCase('com.login.page/Click_On_Sign_In'), [:], FailureHandling.STOP_ON_FAILURE)

WebUI.callTestCase(findTestCase('com.Fare.Pay.Card.page/Unregistered_fare_pay_card'), [:], FailureHandling.OPTIONAL)

WebUI.callTestCase(findTestCase('com.Fare.Pay.Card.page/Enter_FP_Card_details'), [:], FailureHandling.STOP_ON_FAILURE)

WebUI.callTestCase(findTestCase('com.Fare.Pay.Card.page/Click_On_Add_Value_Button'), [:], FailureHandling.STOP_ON_FAILURE)

WebUI.callTestCase(findTestCase('com.Fare.Pay.Card.page/Add_five_doller_amount'), [:], FailureHandling.STOP_ON_FAILURE)

WebUI.callTestCase(findTestCase('com.profile.page/Click_On_Add_New_Card_Button'), [:], FailureHandling.STOP_ON_FAILURE)

WebUI.callTestCase(findTestCase('com.tap.and.ride.non.guest.page/Enter_Exp_Month_Year'), [:], FailureHandling.STOP_ON_FAILURE)

WebUI.callTestCase(findTestCase('com.profile.page/Enter_Credit_Card_Details'), [:], FailureHandling.STOP_ON_FAILURE)

WebUI.callTestCase(findTestCase('com.Fare.Pay.Card.page/Enter_VISA_CC_Details'), [:], FailureHandling.STOP_ON_FAILURE)

WebUI.callTestCase(findTestCase('com.Fare.Pay.Card.page/Click_On_Proceed_To_Add_Button'), [:], FailureHandling.STOP_ON_FAILURE)

WebUI.callTestCase(findTestCase('com.Fare.Pay.Card.page/verify_Value_added_to_the_card_Successfully'), [:], FailureHandling.STOP_ON_FAILURE)

WebUI.callTestCase(findTestCase('com.create.account.db.page/Verify_trx_type_and_bos_data'), [:], FailureHandling.STOP_ON_FAILURE)

WebUI.closeBrowser()

